[0.442s] Invoking command in '/home/natsu/ros2_ws/src/mypkg': PYTHONPATH=/home/natsu/ros2_ws/src/mypkg/build/mypkg/prefix_override:/usr/lib/python3/dist-packages/colcon_core/task/python/colcon_distutils_commands:/home/natsu/ros2_ws/src/mypkg/install/mypkg/lib/python3.8/site-packages:${PYTHONPATH} /usr/bin/python3 -W ignore:setup.py install is deprecated setup.py egg_info --egg-base build/mypkg build --build-base /home/natsu/ros2_ws/src/mypkg/build/mypkg/build install --record /home/natsu/ros2_ws/src/mypkg/build/mypkg/install.log --install-scripts $base/lib/mypkg --single-version-externally-managed install_data
[0.590s] running egg_info
[0.590s] writing build/mypkg/mypkg.egg-info/PKG-INFO
[0.592s] writing dependency_links to build/mypkg/mypkg.egg-info/dependency_links.txt
[0.592s] writing entry points to build/mypkg/mypkg.egg-info/entry_points.txt
[0.592s] writing requirements to build/mypkg/mypkg.egg-info/requires.txt
[0.592s] writing top-level names to build/mypkg/mypkg.egg-info/top_level.txt
[0.654s] reading manifest file 'build/mypkg/mypkg.egg-info/SOURCES.txt'
[0.655s] writing manifest file 'build/mypkg/mypkg.egg-info/SOURCES.txt'
[0.655s] running build
[0.656s] running build_py
[0.656s] running install
[0.657s] running install_lib
[0.658s] running install_data
[0.658s] running install_egg_info
[0.659s] removing '/home/natsu/ros2_ws/src/mypkg/install/mypkg/lib/python3.8/site-packages/mypkg-0.0.0-py3.8.egg-info' (and everything under it)
[0.660s] Copying build/mypkg/mypkg.egg-info to /home/natsu/ros2_ws/src/mypkg/install/mypkg/lib/python3.8/site-packages/mypkg-0.0.0-py3.8.egg-info
[0.660s] running install_scripts
[0.676s] Installing listener script to /home/natsu/ros2_ws/src/mypkg/install/mypkg/lib/mypkg
[0.677s] Installing talker script to /home/natsu/ros2_ws/src/mypkg/install/mypkg/lib/mypkg
[0.678s] writing list of installed files to '/home/natsu/ros2_ws/src/mypkg/build/mypkg/install.log'
[0.695s] Invoked command in '/home/natsu/ros2_ws/src/mypkg' returned '0': PYTHONPATH=/home/natsu/ros2_ws/src/mypkg/build/mypkg/prefix_override:/usr/lib/python3/dist-packages/colcon_core/task/python/colcon_distutils_commands:/home/natsu/ros2_ws/src/mypkg/install/mypkg/lib/python3.8/site-packages:${PYTHONPATH} /usr/bin/python3 -W ignore:setup.py install is deprecated setup.py egg_info --egg-base build/mypkg build --build-base /home/natsu/ros2_ws/src/mypkg/build/mypkg/build install --record /home/natsu/ros2_ws/src/mypkg/build/mypkg/install.log --install-scripts $base/lib/mypkg --single-version-externally-managed install_data
