[0.526s] Invoking command in '/home/natsu/ros2_ws/src/mypkg': PYTHONPATH=/home/natsu/ros2_ws/src/mypkg/build/mypkg/prefix_override:/usr/lib/python3/dist-packages/colcon_core/task/python/colcon_distutils_commands:/home/natsu/ros2_ws/src/mypkg/install/mypkg/lib/python3.8/site-packages:${PYTHONPATH} /usr/bin/python3 -W ignore:setup.py install is deprecated setup.py egg_info --egg-base build/mypkg build --build-base /home/natsu/ros2_ws/src/mypkg/build/mypkg/build install --record /home/natsu/ros2_ws/src/mypkg/build/mypkg/install.log --install-scripts $base/lib/mypkg --single-version-externally-managed install_data
[0.655s] running egg_info
[0.655s] writing build/mypkg/mypkg.egg-info/PKG-INFO
[0.656s] writing dependency_links to build/mypkg/mypkg.egg-info/dependency_links.txt
[0.656s] writing entry points to build/mypkg/mypkg.egg-info/entry_points.txt
[0.656s] writing requirements to build/mypkg/mypkg.egg-info/requires.txt
[0.656s] writing top-level names to build/mypkg/mypkg.egg-info/top_level.txt
[0.679s] reading manifest file 'build/mypkg/mypkg.egg-info/SOURCES.txt'
[0.679s] writing manifest file 'build/mypkg/mypkg.egg-info/SOURCES.txt'
[0.679s] running build
[0.679s] running build_py
[0.679s] copying mypkg/listener.py -> /home/natsu/ros2_ws/src/mypkg/build/mypkg/build/lib/mypkg
[0.680s] copying mypkg/setup.py -> /home/natsu/ros2_ws/src/mypkg/build/mypkg/build/lib/mypkg
[0.680s] running install
[0.681s] running install_lib
[0.681s] copying /home/natsu/ros2_ws/src/mypkg/build/mypkg/build/lib/mypkg/listener.py -> /home/natsu/ros2_ws/src/mypkg/install/mypkg/lib/python3.8/site-packages/mypkg
[0.681s] copying /home/natsu/ros2_ws/src/mypkg/build/mypkg/build/lib/mypkg/setup.py -> /home/natsu/ros2_ws/src/mypkg/install/mypkg/lib/python3.8/site-packages/mypkg
[0.682s] byte-compiling /home/natsu/ros2_ws/src/mypkg/install/mypkg/lib/python3.8/site-packages/mypkg/listener.py to listener.cpython-38.pyc
[0.683s] byte-compiling /home/natsu/ros2_ws/src/mypkg/install/mypkg/lib/python3.8/site-packages/mypkg/setup.py to setup.cpython-38.pyc
[0.683s] running install_data
[0.683s] running install_egg_info
[0.684s] removing '/home/natsu/ros2_ws/src/mypkg/install/mypkg/lib/python3.8/site-packages/mypkg-0.0.0-py3.8.egg-info' (and everything under it)
[0.684s] Copying build/mypkg/mypkg.egg-info to /home/natsu/ros2_ws/src/mypkg/install/mypkg/lib/python3.8/site-packages/mypkg-0.0.0-py3.8.egg-info
[0.685s] running install_scripts
[0.698s] Installing listener script to /home/natsu/ros2_ws/src/mypkg/install/mypkg/lib/mypkg
[0.698s] Installing talker script to /home/natsu/ros2_ws/src/mypkg/install/mypkg/lib/mypkg
[0.698s] writing list of installed files to '/home/natsu/ros2_ws/src/mypkg/build/mypkg/install.log'
[0.715s] Invoked command in '/home/natsu/ros2_ws/src/mypkg' returned '0': PYTHONPATH=/home/natsu/ros2_ws/src/mypkg/build/mypkg/prefix_override:/usr/lib/python3/dist-packages/colcon_core/task/python/colcon_distutils_commands:/home/natsu/ros2_ws/src/mypkg/install/mypkg/lib/python3.8/site-packages:${PYTHONPATH} /usr/bin/python3 -W ignore:setup.py install is deprecated setup.py egg_info --egg-base build/mypkg build --build-base /home/natsu/ros2_ws/src/mypkg/build/mypkg/build install --record /home/natsu/ros2_ws/src/mypkg/build/mypkg/install.log --install-scripts $base/lib/mypkg --single-version-externally-managed install_data
