[0.770s] Invoking command in '/home/natsu/ros2_ws/src/mypkg': PYTHONPATH=/home/natsu/ros2_ws/src/mypkg/build/mypkg/prefix_override:/usr/lib/python3/dist-packages/colcon_core/task/python/colcon_distutils_commands:/home/natsu/ros2_ws/src/mypkg/install/mypkg/lib/python3.8/site-packages:${PYTHONPATH} /usr/bin/python3 -W ignore:setup.py install is deprecated setup.py egg_info --egg-base build/mypkg build --build-base /home/natsu/ros2_ws/src/mypkg/build/mypkg/build install --record /home/natsu/ros2_ws/src/mypkg/build/mypkg/install.log --install-scripts $base/lib/mypkg --single-version-externally-managed install_data
[0.902s] running egg_info
[0.902s] writing build/mypkg/mypkg.egg-info/PKG-INFO
[0.902s] writing dependency_links to build/mypkg/mypkg.egg-info/dependency_links.txt
[0.903s] writing entry points to build/mypkg/mypkg.egg-info/entry_points.txt
[0.903s] writing requirements to build/mypkg/mypkg.egg-info/requires.txt
[0.903s] writing top-level names to build/mypkg/mypkg.egg-info/top_level.txt
[0.939s] reading manifest file 'build/mypkg/mypkg.egg-info/SOURCES.txt'
[0.941s] writing manifest file 'build/mypkg/mypkg.egg-info/SOURCES.txt'
[0.941s] running build
[0.941s] running build_py
[0.941s] copying mypkg/listener.py -> /home/natsu/ros2_ws/src/mypkg/build/mypkg/build/lib/mypkg
[0.942s] running install
[0.943s] running install_lib
[0.944s] copying /home/natsu/ros2_ws/src/mypkg/build/mypkg/build/lib/mypkg/listener.py -> /home/natsu/ros2_ws/src/mypkg/install/mypkg/lib/python3.8/site-packages/mypkg
[0.945s] byte-compiling /home/natsu/ros2_ws/src/mypkg/install/mypkg/lib/python3.8/site-packages/mypkg/listener.py to listener.cpython-38.pyc
[0.946s] running install_data
[0.946s] running install_egg_info
[0.947s] removing '/home/natsu/ros2_ws/src/mypkg/install/mypkg/lib/python3.8/site-packages/mypkg-0.0.0-py3.8.egg-info' (and everything under it)
[0.948s] Copying build/mypkg/mypkg.egg-info to /home/natsu/ros2_ws/src/mypkg/install/mypkg/lib/python3.8/site-packages/mypkg-0.0.0-py3.8.egg-info
[0.949s] running install_scripts
[0.961s] Installing listener script to /home/natsu/ros2_ws/src/mypkg/install/mypkg/lib/mypkg
[0.961s] Installing talker script to /home/natsu/ros2_ws/src/mypkg/install/mypkg/lib/mypkg
[0.961s] writing list of installed files to '/home/natsu/ros2_ws/src/mypkg/build/mypkg/install.log'
[0.977s] Invoked command in '/home/natsu/ros2_ws/src/mypkg' returned '0': PYTHONPATH=/home/natsu/ros2_ws/src/mypkg/build/mypkg/prefix_override:/usr/lib/python3/dist-packages/colcon_core/task/python/colcon_distutils_commands:/home/natsu/ros2_ws/src/mypkg/install/mypkg/lib/python3.8/site-packages:${PYTHONPATH} /usr/bin/python3 -W ignore:setup.py install is deprecated setup.py egg_info --egg-base build/mypkg build --build-base /home/natsu/ros2_ws/src/mypkg/build/mypkg/build install --record /home/natsu/ros2_ws/src/mypkg/build/mypkg/install.log --install-scripts $base/lib/mypkg --single-version-externally-managed install_data
