[0.958s] Invoking command in '/home/natsu/ros2_ws/src/mypkg': PYTHONPATH=/home/natsu/ros2_ws/src/mypkg/build/mypkg/prefix_override:/usr/lib/python3/dist-packages/colcon_core/task/python/colcon_distutils_commands:/home/natsu/ros2_ws/src/mypkg/install/mypkg/lib/python3.8/site-packages:${PYTHONPATH} /usr/bin/python3 -W ignore:setup.py install is deprecated setup.py egg_info --egg-base build/mypkg build --build-base /home/natsu/ros2_ws/src/mypkg/build/mypkg/build install --record /home/natsu/ros2_ws/src/mypkg/build/mypkg/install.log --install-scripts $base/lib/mypkg --single-version-externally-managed install_data
[1.095s] running egg_info
[1.095s] creating build/mypkg/mypkg.egg-info
[1.096s] writing build/mypkg/mypkg.egg-info/PKG-INFO
[1.097s] writing dependency_links to build/mypkg/mypkg.egg-info/dependency_links.txt
[1.097s] writing entry points to build/mypkg/mypkg.egg-info/entry_points.txt
[1.097s] writing requirements to build/mypkg/mypkg.egg-info/requires.txt
[1.097s] writing top-level names to build/mypkg/mypkg.egg-info/top_level.txt
[1.112s] writing manifest file 'build/mypkg/mypkg.egg-info/SOURCES.txt'
[1.140s] reading manifest file 'build/mypkg/mypkg.egg-info/SOURCES.txt'
[1.144s] writing manifest file 'build/mypkg/mypkg.egg-info/SOURCES.txt'
[1.144s] running build
[1.144s] running build_py
[1.144s] creating /home/natsu/ros2_ws/src/mypkg/build/mypkg/build
[1.144s] creating /home/natsu/ros2_ws/src/mypkg/build/mypkg/build/lib
[1.144s] creating /home/natsu/ros2_ws/src/mypkg/build/mypkg/build/lib/mypkg
[1.144s] copying mypkg/listener.py -> /home/natsu/ros2_ws/src/mypkg/build/mypkg/build/lib/mypkg
[1.144s] copying mypkg/__init__.py -> /home/natsu/ros2_ws/src/mypkg/build/mypkg/build/lib/mypkg
[1.144s] copying mypkg/setup.py -> /home/natsu/ros2_ws/src/mypkg/build/mypkg/build/lib/mypkg
[1.144s] copying mypkg/talker.py -> /home/natsu/ros2_ws/src/mypkg/build/mypkg/build/lib/mypkg
[1.150s] running install
[1.150s] running install_lib
[1.150s] creating /home/natsu/ros2_ws/src/mypkg/install/mypkg/lib/python3.8/site-packages/mypkg
[1.150s] copying /home/natsu/ros2_ws/src/mypkg/build/mypkg/build/lib/mypkg/listener.py -> /home/natsu/ros2_ws/src/mypkg/install/mypkg/lib/python3.8/site-packages/mypkg
[1.150s] copying /home/natsu/ros2_ws/src/mypkg/build/mypkg/build/lib/mypkg/__init__.py -> /home/natsu/ros2_ws/src/mypkg/install/mypkg/lib/python3.8/site-packages/mypkg
[1.150s] copying /home/natsu/ros2_ws/src/mypkg/build/mypkg/build/lib/mypkg/setup.py -> /home/natsu/ros2_ws/src/mypkg/install/mypkg/lib/python3.8/site-packages/mypkg
[1.150s] copying /home/natsu/ros2_ws/src/mypkg/build/mypkg/build/lib/mypkg/talker.py -> /home/natsu/ros2_ws/src/mypkg/install/mypkg/lib/python3.8/site-packages/mypkg
[1.150s] byte-compiling /home/natsu/ros2_ws/src/mypkg/install/mypkg/lib/python3.8/site-packages/mypkg/listener.py to listener.cpython-38.pyc
[1.150s] byte-compiling /home/natsu/ros2_ws/src/mypkg/install/mypkg/lib/python3.8/site-packages/mypkg/__init__.py to __init__.cpython-38.pyc
[1.151s] byte-compiling /home/natsu/ros2_ws/src/mypkg/install/mypkg/lib/python3.8/site-packages/mypkg/setup.py to setup.cpython-38.pyc
[1.151s] byte-compiling /home/natsu/ros2_ws/src/mypkg/install/mypkg/lib/python3.8/site-packages/mypkg/talker.py to talker.cpython-38.pyc
[1.151s] running install_data
[1.151s] creating /home/natsu/ros2_ws/src/mypkg/install/mypkg/share/ament_index
[1.151s] creating /home/natsu/ros2_ws/src/mypkg/install/mypkg/share/ament_index/resource_index
[1.151s] creating /home/natsu/ros2_ws/src/mypkg/install/mypkg/share/ament_index/resource_index/packages
[1.151s] copying resource/mypkg -> /home/natsu/ros2_ws/src/mypkg/install/mypkg/share/ament_index/resource_index/packages
[1.151s] copying package.xml -> /home/natsu/ros2_ws/src/mypkg/install/mypkg/share/mypkg
[1.151s] running install_egg_info
[1.152s] Copying build/mypkg/mypkg.egg-info to /home/natsu/ros2_ws/src/mypkg/install/mypkg/lib/python3.8/site-packages/mypkg-0.0.0-py3.8.egg-info
[1.153s] running install_scripts
[1.166s] Installing listener script to /home/natsu/ros2_ws/src/mypkg/install/mypkg/lib/mypkg
[1.166s] Installing talker script to /home/natsu/ros2_ws/src/mypkg/install/mypkg/lib/mypkg
[1.166s] writing list of installed files to '/home/natsu/ros2_ws/src/mypkg/build/mypkg/install.log'
[1.181s] Invoked command in '/home/natsu/ros2_ws/src/mypkg' returned '0': PYTHONPATH=/home/natsu/ros2_ws/src/mypkg/build/mypkg/prefix_override:/usr/lib/python3/dist-packages/colcon_core/task/python/colcon_distutils_commands:/home/natsu/ros2_ws/src/mypkg/install/mypkg/lib/python3.8/site-packages:${PYTHONPATH} /usr/bin/python3 -W ignore:setup.py install is deprecated setup.py egg_info --egg-base build/mypkg build --build-base /home/natsu/ros2_ws/src/mypkg/build/mypkg/build install --record /home/natsu/ros2_ws/src/mypkg/build/mypkg/install.log --install-scripts $base/lib/mypkg --single-version-externally-managed install_data
